2023-09-28 20:23:47 INFO  Log4j:15 - Starting Test: 'Login with Empty Email and Valid Password'
2023-09-28 20:23:49 INFO  Log4j:10 - --> Opened the Home Page with URL: https://www.trendyol.com/
2023-09-28 20:23:49 INFO  Log4j:10 - --> Clicked on the Close Shopping Experience Button.
2023-09-28 20:23:50 INFO  Log4j:10 - --> Clicked on the Accept Cookie Policy Button.
2023-09-28 20:23:52 INFO  Log4j:10 - --> Clicked on the Login Button.
2023-09-28 20:23:52 INFO  Log4j:10 - --> Filled Email field with: ''.
2023-09-28 20:23:52 INFO  Log4j:10 - --> Filled Password field with: 'Trendyol_2023'.
2023-09-28 20:23:52 INFO  Log4j:10 - --> Clicked on login button and it was waited until the 'loading' message disappeared.
2023-09-28 20:23:52 INFO  Log4j:10 - --> Verified the error message is: 'Lütfen geçerli bir e-posta adresi giriniz.'
2023-09-28 20:23:52 INFO  Log4j:15 - Test completed.(Status: PASSED)
2023-09-28 20:37:21 INFO  Log4j:15 - Starting Test: 'Perform shopping actions on Beymen.com'
2023-09-28 20:37:26 INFO  Log4j:10 - --> Opened the Home Page with URL: https://beymen.com
2023-09-28 20:37:27 INFO  Log4j:15 - Test completed.(Status: PASSED)
2023-09-28 20:41:36 INFO  Log4j:15 - Starting Test: 'Perform shopping actions on Beymen.com'
2023-09-28 20:41:41 INFO  Log4j:10 - --> Opened the Home Page with URL: https://beymen.com
2023-09-28 20:41:41 INFO  Log4j:10 - --> Clicked on the Accept Cookie Policy Button.
2023-09-28 20:41:41 INFO  Log4j:10 - --> Clicked on  ------ düzenlecek
2023-09-28 20:41:42 INFO  Log4j:15 - Test completed.(Status: PASSED)
2023-09-28 20:43:31 INFO  Log4j:15 - Starting Test: 'Perform shopping actions on Beymen.com'
2023-09-28 20:43:37 INFO  Log4j:10 - --> Opened the Home Page with URL: https://beymen.com
2023-09-28 20:43:37 INFO  Log4j:10 - --> Clicked on  ------ düzenlecek
2023-09-28 20:43:37 INFO  Log4j:10 - --> Clicked on the Accept Cookie Policy Button.
2023-09-28 20:43:38 INFO  Log4j:10 - --> Clicked on  ------ düzenlecek
2023-09-28 20:43:38 INFO  Log4j:15 - Test completed.(Status: PASSED)
2023-09-28 20:52:09 INFO  Log4j:15 - Starting Test: 'Perform shopping actions on Beymen.com'
2023-09-28 20:52:14 INFO  Log4j:10 - --> Opened the Home Page with URL: https://beymen.com
2023-09-28 20:52:14 INFO  Log4j:10 - --> Clicked on  ------ düzenlecek
2023-09-28 20:52:14 INFO  Log4j:10 - --> Clicked on the Accept Cookie Policy Button.
2023-09-28 20:52:15 INFO  Log4j:10 - --> Clicked on  ------ düzenlecek
2023-09-28 20:52:15 INFO  Log4j:15 - Test completed.(Status: PASSED)
2023-09-28 20:53:21 INFO  Log4j:15 - Starting Test: 'Perform shopping actions on Beymen.com'
2023-09-28 20:53:27 INFO  Log4j:10 - --> Opened the Home Page with URL: https://beymen.com
2023-09-28 20:53:27 INFO  Log4j:10 - --> Clicked on  ------ düzenlecek
2023-09-28 20:53:27 INFO  Log4j:10 - --> Clicked on the Accept Cookie Policy Button.
2023-09-28 20:53:28 INFO  Log4j:10 - --> Clicked on  ------ düzenlecek
2023-09-28 20:53:28 INFO  Log4j:15 - Test completed.(Status: PASSED)
2023-09-28 20:54:40 INFO  Log4j:15 - Starting Test: 'Perform shopping actions on Beymen.com'
2023-09-28 20:54:46 INFO  Log4j:10 - --> Opened the Home Page with URL: https://beymen.com
2023-09-28 20:54:46 INFO  Log4j:10 - --> Clicked on  ------ düzenlecek
2023-09-28 20:54:46 INFO  Log4j:10 - --> Clicked on the Accept Cookie Policy Button.
2023-09-28 20:54:47 INFO  Log4j:10 - --> Clicked on  ------ düzenlecek
2023-09-28 20:54:47 INFO  Log4j:15 - Test completed.(Status: PASSED)
2023-09-28 20:55:26 INFO  Log4j:15 - Starting Test: 'Perform shopping actions on Beymen.com'
2023-09-28 20:55:31 INFO  Log4j:10 - --> Opened the Home Page with URL: https://beymen.com
2023-09-28 20:55:31 INFO  Log4j:10 - --> Clicked on  ------ düzenlecek
2023-09-28 20:55:31 INFO  Log4j:10 - --> Clicked on the Accept Cookie Policy Button.
2023-09-28 20:55:31 INFO  Log4j:10 - --> Clicked on  ------ düzenlecek
2023-09-28 20:55:32 INFO  Log4j:15 - Test completed.(Status: PASSED)
2023-09-28 21:04:52 INFO  Log4j:15 - Starting Test: 'Perform shopping actions on Beymen.com'
2023-09-28 21:04:56 INFO  Log4j:10 - --> Opened the Home Page with URL: https://beymen.com
2023-09-28 21:04:56 INFO  Log4j:10 - --> Clicked on  ------ düzenlecek
2023-09-28 21:04:56 INFO  Log4j:10 - --> Clicked on the Accept Cookie Policy Button.
2023-09-28 21:04:57 INFO  Log4j:10 - --> Clicked on  ------ düzenlecek
2023-09-28 21:04:57 INFO  Log4j:10 - --> Clicked on  ------ düzenlecek
2023-09-28 21:04:57 INFO  Log4j:10 - --> Clicked on  ------ düzenlecek
2023-09-28 21:04:57 INFO  Log4j:10 - --> Clicked on  ------ düzenlecek
2023-09-28 21:04:57 INFO  Log4j:10 - --> Clicked on  ------ düzenlecek
2023-09-28 21:05:00 INFO  Log4j:15 - Test completed.(Status: FAILED)
2023-09-28 21:06:06 INFO  Log4j:15 - Starting Test: 'Perform shopping actions on Beymen.com'
2023-09-28 21:06:12 INFO  Log4j:10 - --> Opened the Home Page with URL: https://beymen.com
2023-09-28 21:06:12 INFO  Log4j:10 - --> Clicked on  ------ düzenlecek
2023-09-28 21:06:12 INFO  Log4j:10 - --> Clicked on the Accept Cookie Policy Button.
2023-09-28 21:06:13 INFO  Log4j:10 - --> Clicked on  ------ düzenlecek
2023-09-28 21:06:13 INFO  Log4j:10 - --> Clicked on  ------ düzenlecek
2023-09-28 21:06:16 INFO  Log4j:10 - --> Clicked on  ------ düzenlecek
2023-09-28 21:06:16 INFO  Log4j:10 - --> Clicked on  ------ düzenlecek
2023-09-28 21:06:16 INFO  Log4j:10 - --> Clicked on  ------ düzenlecek
2023-09-28 21:06:19 INFO  Log4j:15 - Test completed.(Status: FAILED)
2023-09-28 21:07:36 INFO  Log4j:15 - Starting Test: 'Perform shopping actions on Beymen.com'
2023-09-28 21:07:41 INFO  Log4j:10 - --> Opened the Home Page with URL: https://beymen.com
2023-09-28 21:07:41 INFO  Log4j:10 - --> Clicked on  ------ düzenlecek
2023-09-28 21:07:41 INFO  Log4j:10 - --> Clicked on the Accept Cookie Policy Button.
2023-09-28 21:07:42 INFO  Log4j:10 - --> Clicked on  ------ düzenlecek
2023-09-28 21:07:42 INFO  Log4j:10 - --> Clicked on  ------ düzenlecek
2023-09-28 21:07:42 INFO  Log4j:10 - --> Clicked on  ------ düzenlecek
2023-09-28 21:07:42 INFO  Log4j:10 - --> Clicked on  ------ düzenlecek
2023-09-28 21:07:42 INFO  Log4j:10 - --> Clicked on  ------ düzenlecek
2023-09-28 21:07:45 INFO  Log4j:15 - Test completed.(Status: FAILED)
2023-09-28 21:08:46 INFO  Log4j:15 - Starting Test: 'Perform shopping actions on Beymen.com'
2023-09-28 21:08:51 INFO  Log4j:10 - --> Opened the Home Page with URL: https://beymen.com
2023-09-28 21:08:51 INFO  Log4j:10 - --> Clicked on  ------ düzenlecek
2023-09-28 21:08:51 INFO  Log4j:10 - --> Clicked on the Accept Cookie Policy Button.
2023-09-28 21:08:51 INFO  Log4j:10 - --> Clicked on  ------ düzenlecek
2023-09-28 21:08:52 INFO  Log4j:10 - --> Clicked on  ------ düzenlecek
2023-09-28 21:08:52 INFO  Log4j:10 - --> Clicked on  ------ düzenlecek
2023-09-28 21:08:52 INFO  Log4j:10 - --> Clicked on  ------ düzenlecek
2023-09-28 21:08:52 INFO  Log4j:10 - --> Clicked on  ------ düzenlecek
2023-09-28 21:08:59 INFO  Log4j:15 - Test completed.(Status: FAILED)
2023-09-28 21:09:19 INFO  Log4j:15 - Starting Test: 'Perform shopping actions on Beymen.com'
2023-09-28 21:09:23 INFO  Log4j:10 - --> Opened the Home Page with URL: https://beymen.com
2023-09-28 21:09:23 INFO  Log4j:10 - --> Clicked on  ------ düzenlecek
2023-09-28 21:09:23 INFO  Log4j:10 - --> Clicked on the Accept Cookie Policy Button.
2023-09-28 21:09:24 INFO  Log4j:10 - --> Clicked on  ------ düzenlecek
2023-09-28 21:09:24 INFO  Log4j:10 - --> Clicked on  ------ düzenlecek
2023-09-28 21:09:24 INFO  Log4j:10 - --> Clicked on  ------ düzenlecek
2023-09-28 21:09:24 INFO  Log4j:10 - --> Clicked on  ------ düzenlecek
2023-09-28 21:09:24 INFO  Log4j:10 - --> Clicked on  ------ düzenlecek
2023-09-28 21:09:29 INFO  Log4j:10 - --> Clicked on the Accept Cookie Policy Button.
2023-09-28 21:09:30 INFO  Log4j:15 - Test completed.(Status: PASSED)
2023-09-28 21:09:51 INFO  Log4j:15 - Starting Test: 'Perform shopping actions on Beymen.com'
2023-09-28 21:09:56 INFO  Log4j:10 - --> Opened the Home Page with URL: https://beymen.com
2023-09-28 21:09:56 INFO  Log4j:10 - --> Clicked on  ------ düzenlecek
2023-09-28 21:09:57 INFO  Log4j:10 - --> Clicked on the Accept Cookie Policy Button.
2023-09-28 21:09:57 INFO  Log4j:10 - --> Clicked on  ------ düzenlecek
2023-09-28 21:09:58 INFO  Log4j:10 - --> Clicked on  ------ düzenlecek
2023-09-28 21:09:58 INFO  Log4j:10 - --> Clicked on  ------ düzenlecek
2023-09-28 21:09:58 INFO  Log4j:10 - --> Clicked on  ------ düzenlecek
2023-09-28 21:09:58 INFO  Log4j:10 - --> Clicked on  ------ düzenlecek
2023-09-28 21:10:04 INFO  Log4j:10 - --> Clicked on the Accept Cookie Policy Button.
2023-09-28 21:10:09 INFO  Log4j:15 - Test completed.(Status: PASSED)
2023-09-28 21:10:15 INFO  Log4j:15 - Starting Test: 'Perform shopping actions on Beymen.com'
2023-09-28 21:10:19 INFO  Log4j:10 - --> Opened the Home Page with URL: https://beymen.com
2023-09-28 21:10:19 INFO  Log4j:10 - --> Clicked on  ------ düzenlecek
2023-09-28 21:10:19 INFO  Log4j:10 - --> Clicked on the Accept Cookie Policy Button.
2023-09-28 21:10:20 INFO  Log4j:10 - --> Clicked on  ------ düzenlecek
2023-09-28 21:10:20 INFO  Log4j:10 - --> Clicked on  ------ düzenlecek
2023-09-28 21:10:20 INFO  Log4j:10 - --> Clicked on  ------ düzenlecek
2023-09-28 21:10:21 INFO  Log4j:10 - --> Clicked on  ------ düzenlecek
2023-09-28 21:10:21 INFO  Log4j:10 - --> Clicked on  ------ düzenlecek
2023-09-28 21:10:27 INFO  Log4j:10 - --> Clicked on the Accept Cookie Policy Button.
2023-09-28 21:10:32 INFO  Log4j:15 - Test completed.(Status: PASSED)
2023-09-28 21:10:39 INFO  Log4j:15 - Starting Test: 'Perform shopping actions on Beymen.com'
2023-09-28 21:10:44 INFO  Log4j:10 - --> Opened the Home Page with URL: https://beymen.com
2023-09-28 21:10:44 INFO  Log4j:10 - --> Clicked on  ------ düzenlecek
2023-09-28 21:10:44 INFO  Log4j:10 - --> Clicked on the Accept Cookie Policy Button.
2023-09-28 21:10:44 INFO  Log4j:10 - --> Clicked on  ------ düzenlecek
2023-09-28 21:10:45 INFO  Log4j:10 - --> Clicked on  ------ düzenlecek
2023-09-28 21:10:45 INFO  Log4j:10 - --> Clicked on  ------ düzenlecek
2023-09-28 21:10:45 INFO  Log4j:10 - --> Clicked on  ------ düzenlecek
2023-09-28 21:10:45 INFO  Log4j:10 - --> Clicked on  ------ düzenlecek
2023-09-28 21:11:35 INFO  Log4j:15 - Starting Test: 'Perform shopping actions on Beymen.com'
2023-09-28 21:11:41 INFO  Log4j:10 - --> Opened the Home Page with URL: https://beymen.com
2023-09-28 21:11:41 INFO  Log4j:10 - --> Clicked on  ------ düzenlecek
2023-09-28 21:11:41 INFO  Log4j:10 - --> Clicked on the Accept Cookie Policy Button.
2023-09-28 21:11:41 INFO  Log4j:10 - --> Clicked on  ------ düzenlecek
2023-09-28 21:11:42 INFO  Log4j:10 - --> Clicked on  ------ düzenlecek
2023-09-28 21:11:42 INFO  Log4j:10 - --> Clicked on  ------ düzenlecek
2023-09-28 21:11:42 INFO  Log4j:10 - --> Clicked on  ------ düzenlecek
2023-09-28 21:11:42 INFO  Log4j:10 - --> Clicked on  ------ düzenlecek
2023-09-28 21:11:51 INFO  Log4j:10 - --> Clicked on the Accept Cookie Policy Button.
2023-09-28 21:22:44 INFO  Log4j:15 - Starting Test: 'Perform shopping actions on Beymen.com'
2023-09-28 21:22:48 INFO  Log4j:10 - --> Opened the Home Page with URL: https://beymen.com
2023-09-28 21:22:48 INFO  Log4j:10 - --> Clicked on  ------ düzenlecek
2023-09-28 21:22:49 INFO  Log4j:10 - --> Clicked on the Accept Cookie Policy Button.
2023-09-28 21:22:49 INFO  Log4j:10 - --> Clicked on  ------ düzenlecek
2023-09-28 21:22:50 INFO  Log4j:10 - --> Clicked on  ------ düzenlecek
2023-09-28 21:22:50 INFO  Log4j:10 - --> Clicked on  ------ düzenlecek
2023-09-28 21:22:50 INFO  Log4j:10 - --> Clicked on  ------ düzenlecek
2023-09-28 21:22:50 INFO  Log4j:10 - --> Clicked on  ------ düzenlecek
2023-09-28 21:22:55 INFO  Log4j:10 - --> Clicked on the Accept Cookie Policy Button.
2023-09-28 21:23:25 INFO  Log4j:15 - Test completed.(Status: FAILED)
2023-09-28 21:23:29 INFO  Log4j:15 - Starting Test: 'Perform shopping actions on Beymen.com'
2023-09-28 21:23:35 INFO  Log4j:10 - --> Opened the Home Page with URL: https://beymen.com
2023-09-28 21:23:35 INFO  Log4j:10 - --> Clicked on  ------ düzenlecek
2023-09-28 21:23:35 INFO  Log4j:10 - --> Clicked on the Accept Cookie Policy Button.
2023-09-28 21:23:36 INFO  Log4j:10 - --> Clicked on  ------ düzenlecek
2023-09-28 21:23:36 INFO  Log4j:10 - --> Clicked on  ------ düzenlecek
2023-09-28 21:23:36 INFO  Log4j:10 - --> Clicked on  ------ düzenlecek
2023-09-28 21:23:36 INFO  Log4j:10 - --> Clicked on  ------ düzenlecek
2023-09-28 21:23:36 INFO  Log4j:10 - --> Clicked on  ------ düzenlecek
2023-09-28 21:23:43 INFO  Log4j:10 - --> Clicked on the Accept Cookie Policy Button.
2023-09-28 21:25:22 INFO  Log4j:15 - Starting Test: 'Perform shopping actions on Beymen.com'
2023-09-28 21:25:26 INFO  Log4j:10 - --> Opened the Home Page with URL: https://beymen.com
2023-09-28 21:25:26 INFO  Log4j:10 - --> Clicked on  ------ düzenlecek
2023-09-28 21:25:26 INFO  Log4j:10 - --> Clicked on the Accept Cookie Policy Button.
2023-09-28 21:25:26 INFO  Log4j:10 - --> Clicked on  ------ düzenlecek
2023-09-28 21:25:27 INFO  Log4j:10 - --> Clicked on  ------ düzenlecek
2023-09-28 21:25:27 INFO  Log4j:10 - --> Clicked on  ------ düzenlecek
2023-09-28 21:25:27 INFO  Log4j:10 - --> Clicked on  ------ düzenlecek
2023-09-28 21:25:27 INFO  Log4j:10 - --> Clicked on  ------ düzenlecek
2023-09-28 21:25:33 INFO  Log4j:10 - --> Clicked on the Accept Cookie Policy Button.
2023-09-28 21:28:01 INFO  Log4j:15 - Starting Test: 'Perform shopping actions on Beymen.com'
2023-09-28 21:28:05 INFO  Log4j:10 - --> Opened the Home Page with URL: https://beymen.com
2023-09-28 21:28:05 INFO  Log4j:10 - --> Clicked on  ------ düzenlecek
2023-09-28 21:28:05 INFO  Log4j:10 - --> Clicked on the Accept Cookie Policy Button.
2023-09-28 21:28:05 INFO  Log4j:10 - --> Clicked on  ------ düzenlecek
2023-09-28 21:28:06 INFO  Log4j:10 - --> Clicked on  ------ düzenlecek
2023-09-28 21:28:06 INFO  Log4j:10 - --> Clicked on  ------ düzenlecek
2023-09-28 21:28:06 INFO  Log4j:10 - --> Clicked on  ------ düzenlecek
2023-09-28 21:28:06 INFO  Log4j:10 - --> Clicked on  ------ düzenlecek
2023-09-28 21:28:12 INFO  Log4j:10 - --> Clicked on the Accept Cookie Policy Button.
2023-09-28 21:28:17 INFO  Log4j:15 - Test completed.(Status: PASSED)
2023-09-28 21:30:21 INFO  Log4j:15 - Starting Test: 'Perform shopping actions on Beymen.com'
2023-09-28 21:30:26 INFO  Log4j:10 - --> Opened the Home Page with URL: https://beymen.com
2023-09-28 21:30:26 INFO  Log4j:10 - --> Clicked on  ------ düzenlecek
2023-09-28 21:30:26 INFO  Log4j:10 - --> Clicked on the Accept Cookie Policy Button.
2023-09-28 21:30:26 INFO  Log4j:10 - --> Clicked on  ------ düzenlecek
2023-09-28 21:30:27 INFO  Log4j:10 - --> Clicked on  ------ düzenlecek
2023-09-28 21:30:27 INFO  Log4j:10 - --> Clicked on  ------ düzenlecek
2023-09-28 21:30:27 INFO  Log4j:10 - --> Clicked on  ------ düzenlecek
2023-09-28 21:30:27 INFO  Log4j:10 - --> Clicked on  ------ düzenlecek
2023-09-28 21:30:33 INFO  Log4j:10 - --> Clicked on the Accept Cookie Policy Button.
2023-09-28 21:30:38 INFO  Log4j:15 - Test completed.(Status: PASSED)
2023-09-28 21:30:47 INFO  Log4j:15 - Starting Test: 'Perform shopping actions on Beymen.com'
2023-09-28 21:30:55 INFO  Log4j:10 - --> Opened the Home Page with URL: https://beymen.com
2023-09-28 21:30:55 INFO  Log4j:10 - --> Clicked on  ------ düzenlecek
2023-09-28 21:30:55 INFO  Log4j:10 - --> Clicked on the Accept Cookie Policy Button.
2023-09-28 21:30:55 INFO  Log4j:10 - --> Clicked on  ------ düzenlecek
2023-09-28 21:30:56 INFO  Log4j:10 - --> Clicked on  ------ düzenlecek
2023-09-28 21:30:56 INFO  Log4j:10 - --> Clicked on  ------ düzenlecek
2023-09-28 21:30:56 INFO  Log4j:10 - --> Clicked on  ------ düzenlecek
2023-09-28 21:30:56 INFO  Log4j:10 - --> Clicked on  ------ düzenlecek
2023-09-28 21:31:03 INFO  Log4j:10 - --> Clicked on the Accept Cookie Policy Button.
2023-09-28 21:31:11 INFO  Log4j:15 - Starting Test: 'Perform shopping actions on Beymen.com'
2023-09-28 21:31:16 INFO  Log4j:10 - --> Opened the Home Page with URL: https://beymen.com
2023-09-28 21:31:16 INFO  Log4j:10 - --> Clicked on  ------ düzenlecek
2023-09-28 21:31:17 INFO  Log4j:10 - --> Clicked on the Accept Cookie Policy Button.
2023-09-28 21:31:17 INFO  Log4j:10 - --> Clicked on  ------ düzenlecek
2023-09-28 21:31:17 INFO  Log4j:10 - --> Clicked on  ------ düzenlecek
2023-09-28 21:31:17 INFO  Log4j:10 - --> Clicked on  ------ düzenlecek
2023-09-28 21:31:18 INFO  Log4j:10 - --> Clicked on  ------ düzenlecek
2023-09-28 21:31:18 INFO  Log4j:10 - --> Clicked on  ------ düzenlecek
2023-09-28 21:31:24 INFO  Log4j:10 - --> Clicked on the Accept Cookie Policy Button.
2023-09-28 21:31:29 INFO  Log4j:15 - Test completed.(Status: PASSED)
2023-09-28 21:31:32 INFO  Log4j:15 - Starting Test: 'Perform shopping actions on Beymen.com'
2023-09-28 21:31:38 INFO  Log4j:10 - --> Opened the Home Page with URL: https://beymen.com
2023-09-28 21:31:38 INFO  Log4j:10 - --> Clicked on  ------ düzenlecek
2023-09-28 21:31:38 INFO  Log4j:10 - --> Clicked on the Accept Cookie Policy Button.
2023-09-28 21:31:38 INFO  Log4j:10 - --> Clicked on  ------ düzenlecek
2023-09-28 21:31:39 INFO  Log4j:10 - --> Clicked on  ------ düzenlecek
2023-09-28 21:31:39 INFO  Log4j:10 - --> Clicked on  ------ düzenlecek
2023-09-28 21:31:39 INFO  Log4j:10 - --> Clicked on  ------ düzenlecek
2023-09-28 21:31:39 INFO  Log4j:10 - --> Clicked on  ------ düzenlecek
2023-09-28 21:31:44 INFO  Log4j:10 - --> Clicked on the Accept Cookie Policy Button.
2023-09-28 21:31:53 INFO  Log4j:15 - Test completed.(Status: PASSED)
2023-09-28 21:36:14 INFO  Log4j:15 - Starting Test: 'Perform shopping actions on Beymen.com'
2023-09-28 21:36:19 INFO  Log4j:10 - --> Opened the Home Page with URL: https://beymen.com
2023-09-28 21:36:19 INFO  Log4j:10 - --> Clicked on  ------ düzenlecek
2023-09-28 21:36:19 INFO  Log4j:10 - --> Clicked on the Accept Cookie Policy Button.
2023-09-28 21:36:19 INFO  Log4j:10 - --> Clicked on  ------ düzenlecek
2023-09-28 21:36:20 INFO  Log4j:10 - --> Clicked on  ------ düzenlecek
2023-09-28 21:36:20 INFO  Log4j:10 - --> Clicked on  ------ düzenlecek
2023-09-28 21:36:20 INFO  Log4j:10 - --> Clicked on  ------ düzenlecek
2023-09-28 21:36:20 INFO  Log4j:10 - --> Clicked on  ------ düzenlecek
2023-09-28 21:36:25 INFO  Log4j:10 - --> Clicked on the Accept Cookie Policy Button.
2023-09-28 21:36:35 INFO  Log4j:15 - Test completed.(Status: FAILED)
2023-09-28 21:36:46 INFO  Log4j:15 - Starting Test: 'Perform shopping actions on Beymen.com'
2023-09-28 21:36:50 INFO  Log4j:10 - --> Opened the Home Page with URL: https://beymen.com
2023-09-28 21:36:50 INFO  Log4j:10 - --> Clicked on  ------ düzenlecek
2023-09-28 21:36:50 INFO  Log4j:10 - --> Clicked on the Accept Cookie Policy Button.
2023-09-28 21:36:51 INFO  Log4j:10 - --> Clicked on  ------ düzenlecek
2023-09-28 21:36:51 INFO  Log4j:10 - --> Clicked on  ------ düzenlecek
2023-09-28 21:36:51 INFO  Log4j:10 - --> Clicked on  ------ düzenlecek
2023-09-28 21:36:51 INFO  Log4j:10 - --> Clicked on  ------ düzenlecek
2023-09-28 21:36:52 INFO  Log4j:10 - --> Clicked on  ------ düzenlecek
2023-09-28 21:36:58 INFO  Log4j:10 - --> Clicked on the Accept Cookie Policy Button.
2023-09-28 21:37:03 INFO  Log4j:15 - Test completed.(Status: PASSED)
2023-09-28 21:45:40 INFO  Log4j:15 - Starting Test: 'Perform shopping actions on Beymen.com'
2023-09-28 21:45:45 INFO  Log4j:10 - --> Opened the Home Page with URL: https://beymen.com
2023-09-28 21:45:45 INFO  Log4j:10 - --> Clicked on  ------ düzenlecek
2023-09-28 21:45:45 INFO  Log4j:10 - --> Clicked on the Accept Cookie Policy Button.
2023-09-28 21:45:45 INFO  Log4j:10 - --> Clicked on  ------ düzenlecek
2023-09-28 21:45:46 INFO  Log4j:10 - --> Clicked on  ------ düzenlecek
2023-09-28 21:45:46 INFO  Log4j:10 - --> Clicked on  ------ düzenlecek
2023-09-28 21:45:46 INFO  Log4j:10 - --> Clicked on  ------ düzenlecek
2023-09-28 21:45:46 INFO  Log4j:10 - --> Clicked on  ------ düzenlecek
2023-09-28 21:45:53 INFO  Log4j:10 - --> Clicked on the Accept Cookie Policy Button.
2023-09-28 21:45:59 INFO  Log4j:15 - Test completed.(Status: FAILED)
2023-09-28 21:46:51 INFO  Log4j:15 - Starting Test: 'Perform shopping actions on Beymen.com'
2023-09-28 21:46:56 INFO  Log4j:10 - --> Opened the Home Page with URL: https://beymen.com
2023-09-28 21:46:56 INFO  Log4j:10 - --> Clicked on  ------ düzenlecek
2023-09-28 21:46:57 INFO  Log4j:10 - --> Clicked on the Accept Cookie Policy Button.
2023-09-28 21:46:57 INFO  Log4j:10 - --> Clicked on  ------ düzenlecek
2023-09-28 21:46:57 INFO  Log4j:10 - --> Clicked on  ------ düzenlecek
2023-09-28 21:46:57 INFO  Log4j:10 - --> Clicked on  ------ düzenlecek
2023-09-28 21:46:57 INFO  Log4j:10 - --> Clicked on  ------ düzenlecek
2023-09-28 21:46:58 INFO  Log4j:10 - --> Clicked on  ------ düzenlecek
2023-09-28 21:47:03 INFO  Log4j:10 - --> Clicked on the Accept Cookie Policy Button.
2023-09-28 21:47:09 INFO  Log4j:15 - Test completed.(Status: FAILED)
2023-09-28 21:48:33 INFO  Log4j:15 - Starting Test: 'Perform shopping actions on Beymen.com'
2023-09-28 21:48:38 INFO  Log4j:10 - --> Opened the Home Page with URL: https://beymen.com
2023-09-28 21:48:38 INFO  Log4j:10 - --> Clicked on  ------ düzenlecek
2023-09-28 21:48:38 INFO  Log4j:10 - --> Clicked on the Accept Cookie Policy Button.
2023-09-28 21:48:38 INFO  Log4j:10 - --> Clicked on  ------ düzenlecek
2023-09-28 21:48:39 INFO  Log4j:10 - --> Clicked on  ------ düzenlecek
2023-09-28 21:48:39 INFO  Log4j:10 - --> Clicked on  ------ düzenlecek
2023-09-28 21:48:39 INFO  Log4j:10 - --> Clicked on  ------ düzenlecek
2023-09-28 21:48:39 INFO  Log4j:10 - --> Clicked on  ------ düzenlecek
2023-09-28 21:48:45 INFO  Log4j:10 - --> Clicked on the Accept Cookie Policy Button.
2023-09-28 21:48:51 INFO  Log4j:15 - Test completed.(Status: FAILED)
2023-09-28 21:50:48 INFO  Log4j:15 - Starting Test: 'Perform shopping actions on Beymen.com'
2023-09-28 21:50:55 INFO  Log4j:10 - --> Opened the Home Page with URL: https://beymen.com
2023-09-28 21:50:55 INFO  Log4j:10 - --> Clicked on  ------ düzenlecek
2023-09-28 21:50:55 INFO  Log4j:10 - --> Clicked on the Accept Cookie Policy Button.
2023-09-28 21:50:55 INFO  Log4j:10 - --> Clicked on  ------ düzenlecek
2023-09-28 21:50:56 INFO  Log4j:10 - --> Clicked on  ------ düzenlecek
2023-09-28 21:50:56 INFO  Log4j:10 - --> Clicked on  ------ düzenlecek
2023-09-28 21:50:56 INFO  Log4j:10 - --> Clicked on  ------ düzenlecek
2023-09-28 21:50:56 INFO  Log4j:10 - --> Clicked on  ------ düzenlecek
2023-09-28 21:51:01 INFO  Log4j:10 - --> Clicked on the Accept Cookie Policy Button.
2023-09-28 21:51:11 INFO  Log4j:15 - Test completed.(Status: PASSED)
2023-09-28 21:51:42 INFO  Log4j:15 - Starting Test: 'Perform shopping actions on Beymen.com'
2023-09-28 21:51:47 INFO  Log4j:10 - --> Opened the Home Page with URL: https://beymen.com
2023-09-28 21:51:47 INFO  Log4j:10 - --> Clicked on  ------ düzenlecek
2023-09-28 21:51:47 INFO  Log4j:10 - --> Clicked on the Accept Cookie Policy Button.
2023-09-28 21:51:48 INFO  Log4j:10 - --> Clicked on  ------ düzenlecek
2023-09-28 21:51:48 INFO  Log4j:10 - --> Clicked on  ------ düzenlecek
2023-09-28 21:51:48 INFO  Log4j:10 - --> Clicked on  ------ düzenlecek
2023-09-28 21:51:48 INFO  Log4j:10 - --> Clicked on  ------ düzenlecek
2023-09-28 21:51:48 INFO  Log4j:10 - --> Clicked on  ------ düzenlecek
2023-09-28 21:51:56 INFO  Log4j:10 - --> Clicked on the Accept Cookie Policy Button.
2023-09-28 21:52:02 INFO  Log4j:15 - Test completed.(Status: FAILED)
2023-09-28 21:54:02 INFO  Log4j:15 - Starting Test: 'Perform shopping actions on Beymen.com'
2023-09-28 21:54:07 INFO  Log4j:10 - --> Opened the Home Page with URL: https://beymen.com
2023-09-28 21:54:07 INFO  Log4j:10 - --> Clicked on  ------ düzenlecek
2023-09-28 21:54:07 INFO  Log4j:10 - --> Clicked on the Accept Cookie Policy Button.
2023-09-28 21:54:07 INFO  Log4j:10 - --> Clicked on  ------ düzenlecek
2023-09-28 21:54:08 INFO  Log4j:10 - --> Clicked on  ------ düzenlecek
2023-09-28 21:54:08 INFO  Log4j:10 - --> Clicked on  ------ düzenlecek
2023-09-28 21:54:08 INFO  Log4j:10 - --> Clicked on  ------ düzenlecek
2023-09-28 21:54:08 INFO  Log4j:10 - --> Clicked on  ------ düzenlecek
2023-09-28 21:54:15 INFO  Log4j:10 - --> Clicked on the Accept Cookie Policy Button.
2023-09-28 21:54:20 INFO  Log4j:15 - Test completed.(Status: FAILED)
2023-09-28 21:55:19 INFO  Log4j:15 - Starting Test: 'Perform shopping actions on Beymen.com'
2023-09-28 21:55:23 INFO  Log4j:10 - --> Opened the Home Page with URL: https://beymen.com
2023-09-28 21:55:23 INFO  Log4j:10 - --> Clicked on  ------ düzenlecek
2023-09-28 21:55:23 INFO  Log4j:10 - --> Clicked on the Accept Cookie Policy Button.
2023-09-28 21:55:24 INFO  Log4j:10 - --> Clicked on  ------ düzenlecek
2023-09-28 21:55:24 INFO  Log4j:10 - --> Clicked on  ------ düzenlecek
2023-09-28 21:55:24 INFO  Log4j:10 - --> Clicked on  ------ düzenlecek
2023-09-28 21:55:24 INFO  Log4j:10 - --> Clicked on  ------ düzenlecek
2023-09-28 21:55:24 INFO  Log4j:10 - --> Clicked on  ------ düzenlecek
2023-09-28 21:55:29 INFO  Log4j:10 - --> Clicked on the Accept Cookie Policy Button.
2023-09-28 21:55:44 INFO  Log4j:15 - Test completed.(Status: PASSED)
2023-09-28 21:56:16 INFO  Log4j:15 - Starting Test: 'Perform shopping actions on Beymen.com'
2023-09-28 21:56:21 INFO  Log4j:10 - --> Opened the Home Page with URL: https://beymen.com
2023-09-28 21:56:21 INFO  Log4j:10 - --> Clicked on  ------ düzenlecek
2023-09-28 21:56:21 INFO  Log4j:10 - --> Clicked on the Accept Cookie Policy Button.
2023-09-28 21:56:22 INFO  Log4j:10 - --> Clicked on  ------ düzenlecek
2023-09-28 21:56:22 INFO  Log4j:10 - --> Clicked on  ------ düzenlecek
2023-09-28 21:56:22 INFO  Log4j:10 - --> Clicked on  ------ düzenlecek
2023-09-28 21:56:22 INFO  Log4j:10 - --> Clicked on  ------ düzenlecek
2023-09-28 21:56:22 INFO  Log4j:10 - --> Clicked on  ------ düzenlecek
2023-09-28 21:56:29 INFO  Log4j:10 - --> Clicked on the Accept Cookie Policy Button.
2023-09-28 21:56:34 INFO  Log4j:15 - Test completed.(Status: PASSED)
2023-09-28 21:56:58 INFO  Log4j:15 - Starting Test: 'Perform shopping actions on Beymen.com'
2023-09-28 21:57:02 INFO  Log4j:10 - --> Opened the Home Page with URL: https://beymen.com
2023-09-28 21:57:02 INFO  Log4j:10 - --> Clicked on  ------ düzenlecek
2023-09-28 21:57:02 INFO  Log4j:10 - --> Clicked on the Accept Cookie Policy Button.
2023-09-28 21:57:03 INFO  Log4j:10 - --> Clicked on  ------ düzenlecek
2023-09-28 21:57:03 INFO  Log4j:10 - --> Clicked on  ------ düzenlecek
2023-09-28 21:57:03 INFO  Log4j:10 - --> Clicked on  ------ düzenlecek
2023-09-28 21:57:03 INFO  Log4j:10 - --> Clicked on  ------ düzenlecek
2023-09-28 21:57:04 INFO  Log4j:10 - --> Clicked on  ------ düzenlecek
2023-09-28 21:57:14 INFO  Log4j:10 - --> Clicked on the Accept Cookie Policy Button.
2023-09-28 21:57:19 INFO  Log4j:15 - Test completed.(Status: PASSED)
2023-09-28 21:59:20 INFO  Log4j:15 - Starting Test: 'Perform shopping actions on Beymen.com'
2023-09-28 21:59:26 INFO  Log4j:10 - --> Opened the Home Page with URL: https://beymen.com
2023-09-28 21:59:26 INFO  Log4j:10 - --> Clicked on  ------ düzenlecek
2023-09-28 21:59:26 INFO  Log4j:10 - --> Clicked on the Accept Cookie Policy Button.
2023-09-28 21:59:26 INFO  Log4j:10 - --> Clicked on  ------ düzenlecek
2023-09-28 21:59:27 INFO  Log4j:10 - --> Clicked on  ------ düzenlecek
2023-09-28 21:59:27 INFO  Log4j:10 - --> Clicked on  ------ düzenlecek
2023-09-28 21:59:27 INFO  Log4j:10 - --> Clicked on  ------ düzenlecek
2023-09-28 21:59:27 INFO  Log4j:10 - --> Clicked on  ------ düzenlecek
2023-09-28 21:59:32 INFO  Log4j:10 - --> Clicked on the Accept Cookie Policy Button.
2023-09-28 21:59:44 INFO  Log4j:15 - Test completed.(Status: PASSED)
2023-09-28 22:03:36 INFO  Log4j:15 - Starting Test: 'Perform shopping actions on Beymen.com'
2023-09-28 22:03:41 INFO  Log4j:10 - --> Opened the Home Page with URL: https://beymen.com
2023-09-28 22:03:41 INFO  Log4j:10 - --> Clicked on  ------ düzenlecek
2023-09-28 22:03:41 INFO  Log4j:10 - --> Clicked on the Accept Cookie Policy Button.
2023-09-28 22:03:42 INFO  Log4j:10 - --> Clicked on  ------ düzenlecek
2023-09-28 22:03:42 INFO  Log4j:10 - --> Clicked on  ------ düzenlecek
2023-09-28 22:03:42 INFO  Log4j:10 - --> Clicked on  ------ düzenlecek
2023-09-28 22:03:42 INFO  Log4j:10 - --> Clicked on  ------ düzenlecek
2023-09-28 22:03:42 INFO  Log4j:10 - --> Clicked on  ------ düzenlecek
2023-09-28 22:03:47 INFO  Log4j:10 - --> Clicked on the Accept Cookie Policy Button.
2023-09-28 22:04:07 INFO  Log4j:15 - Test completed.(Status: FAILED)
2023-09-28 22:06:33 INFO  Log4j:15 - Starting Test: 'Perform shopping actions on Beymen.com'
2023-09-28 22:06:39 INFO  Log4j:10 - --> Opened the Home Page with URL: https://beymen.com
2023-09-28 22:06:39 INFO  Log4j:10 - --> Clicked on  ------ düzenlecek
2023-09-28 22:06:39 INFO  Log4j:10 - --> Clicked on the Accept Cookie Policy Button.
2023-09-28 22:06:40 INFO  Log4j:10 - --> Clicked on  ------ düzenlecek
2023-09-28 22:06:40 INFO  Log4j:10 - --> Clicked on  ------ düzenlecek
2023-09-28 22:06:40 INFO  Log4j:10 - --> Clicked on  ------ düzenlecek
2023-09-28 22:06:40 INFO  Log4j:10 - --> Clicked on  ------ düzenlecek
2023-09-28 22:06:40 INFO  Log4j:10 - --> Clicked on  ------ düzenlecek
2023-09-28 22:06:45 INFO  Log4j:10 - --> Clicked on the Accept Cookie Policy Button.
2023-09-28 22:06:56 INFO  Log4j:15 - Test completed.(Status: FAILED)
2023-09-28 22:07:27 INFO  Log4j:15 - Starting Test: 'Perform shopping actions on Beymen.com'
2023-09-28 22:07:34 INFO  Log4j:10 - --> Opened the Home Page with URL: https://beymen.com
2023-09-28 22:07:54 INFO  Log4j:15 - Test completed.(Status: FAILED)
2023-09-28 22:12:19 INFO  Log4j:15 - Starting Test: 'Perform shopping actions on Beymen.com'
2023-09-28 22:12:24 INFO  Log4j:10 - --> Opened the Home Page with URL: https://beymen.com
2023-09-28 22:12:43 INFO  Log4j:15 - Starting Test: 'Perform shopping actions on Beymen.com'
2023-09-28 22:12:48 INFO  Log4j:10 - --> Opened the Home Page with URL: https://beymen.com
2023-09-28 22:13:08 INFO  Log4j:15 - Test completed.(Status: FAILED)
2023-09-28 22:17:23 INFO  Log4j:15 - Starting Test: 'Perform shopping actions on Beymen.com'
2023-09-28 22:17:28 INFO  Log4j:10 - --> Opened the Home Page with URL: https://beymen.com
2023-09-28 22:20:04 INFO  Log4j:15 - Starting Test: 'Perform shopping actions on Beymen.com'
2023-09-28 22:20:09 INFO  Log4j:10 - --> Opened the Home Page with URL: https://beymen.com
2023-09-28 22:20:58 INFO  Log4j:15 - Starting Test: 'Perform shopping actions on Beymen.com'
2023-09-28 22:21:03 INFO  Log4j:10 - --> Opened the Home Page with URL: https://beymen.com
2023-09-28 22:24:17 INFO  Log4j:15 - Starting Test: 'Perform shopping actions on Beymen.com'
2023-09-28 22:24:22 INFO  Log4j:10 - --> Opened the Home Page with URL: https://beymen.com
2023-09-28 22:24:45 INFO  Log4j:15 - Test completed.(Status: FAILED)
2023-09-28 22:26:29 INFO  Log4j:15 - Starting Test: 'Perform shopping actions on Beymen.com'
2023-09-28 22:26:33 INFO  Log4j:10 - --> Opened the Home Page with URL: https://beymen.com
2023-09-28 22:28:57 INFO  Log4j:15 - Starting Test: 'Perform shopping actions on Beymen.com'
2023-09-28 22:29:03 INFO  Log4j:10 - --> Opened the Home Page with URL: https://beymen.com
2023-09-28 22:29:03 INFO  Log4j:10 - --> Clicked on  ------ düzenlecek
2023-09-28 22:29:03 INFO  Log4j:10 - --> Clicked on the Accept Cookie Policy Button.
2023-09-28 22:29:04 INFO  Log4j:10 - --> Clicked on  ------ düzenlecek
2023-09-28 22:29:04 INFO  Log4j:10 - --> Clicked on  ------ düzenlecek
2023-09-28 22:29:04 INFO  Log4j:10 - --> Clicked on  ------ düzenlecek
2023-09-28 22:29:04 INFO  Log4j:10 - --> Clicked on  ------ düzenlecek
2023-09-28 22:29:04 INFO  Log4j:10 - --> Clicked on  ------ düzenlecek
2023-09-28 22:29:09 INFO  Log4j:10 - --> Clicked on the Accept Cookie Policy Button.
2023-09-28 22:29:31 INFO  Log4j:15 - Test completed.(Status: FAILED)
2023-09-28 22:30:50 INFO  Log4j:15 - Starting Test: 'Perform shopping actions on Beymen.com'
2023-09-28 22:30:54 INFO  Log4j:10 - --> Opened the Home Page with URL: https://beymen.com
2023-09-28 22:30:54 INFO  Log4j:10 - --> Clicked on  ------ düzenlecek
2023-09-28 22:30:55 INFO  Log4j:10 - --> Clicked on the Accept Cookie Policy Button.
2023-09-28 22:30:56 INFO  Log4j:10 - --> Clicked on  ------ düzenlecek
2023-09-28 22:30:56 INFO  Log4j:10 - --> Clicked on  ------ düzenlecek
2023-09-28 22:30:56 INFO  Log4j:10 - --> Clicked on  ------ düzenlecek
2023-09-28 22:30:56 INFO  Log4j:10 - --> Clicked on  ------ düzenlecek
2023-09-28 22:30:56 INFO  Log4j:10 - --> Clicked on  ------ düzenlecek
2023-09-28 22:31:02 INFO  Log4j:10 - --> Clicked on the Accept Cookie Policy Button.
2023-09-28 22:31:12 INFO  Log4j:15 - Test completed.(Status: FAILED)
2023-09-28 22:32:06 INFO  Log4j:15 - Starting Test: 'Perform shopping actions on Beymen.com'
2023-09-28 22:32:11 INFO  Log4j:10 - --> Opened the Home Page with URL: https://beymen.com
2023-09-28 22:32:11 INFO  Log4j:10 - --> Clicked on  ------ düzenlecek
2023-09-28 22:32:11 INFO  Log4j:10 - --> Clicked on the Accept Cookie Policy Button.
2023-09-28 22:32:12 INFO  Log4j:10 - --> Clicked on  ------ düzenlecek
2023-09-28 22:32:12 INFO  Log4j:10 - --> Clicked on  ------ düzenlecek
2023-09-28 22:32:12 INFO  Log4j:10 - --> Clicked on  ------ düzenlecek
2023-09-28 22:32:12 INFO  Log4j:10 - --> Clicked on  ------ düzenlecek
2023-09-28 22:32:12 INFO  Log4j:10 - --> Clicked on  ------ düzenlecek
2023-09-28 22:32:22 INFO  Log4j:10 - --> Clicked on the Accept Cookie Policy Button.
2023-09-28 22:32:33 INFO  Log4j:15 - Test completed.(Status: FAILED)
2023-09-28 22:33:23 INFO  Log4j:15 - Starting Test: 'Perform shopping actions on Beymen.com'
2023-09-28 22:33:27 INFO  Log4j:10 - --> Opened the Home Page with URL: https://beymen.com
2023-09-28 22:33:27 INFO  Log4j:10 - --> Clicked on  ------ düzenlecek
2023-09-28 22:33:27 INFO  Log4j:10 - --> Clicked on the Accept Cookie Policy Button.
2023-09-28 22:33:28 INFO  Log4j:10 - --> Clicked on  ------ düzenlecek
2023-09-28 22:33:28 INFO  Log4j:10 - --> Clicked on  ------ düzenlecek
2023-09-28 22:33:28 INFO  Log4j:10 - --> Clicked on  ------ düzenlecek
2023-09-28 22:33:28 INFO  Log4j:10 - --> Clicked on  ------ düzenlecek
2023-09-28 22:33:28 INFO  Log4j:10 - --> Clicked on  ------ düzenlecek
2023-09-28 22:33:33 INFO  Log4j:10 - --> Clicked on the Accept Cookie Policy Button.
2023-09-28 22:34:02 INFO  Log4j:15 - Test completed.(Status: FAILED)
2023-09-28 22:34:47 INFO  Log4j:15 - Starting Test: 'Perform shopping actions on Beymen.com'
2023-09-28 22:34:53 INFO  Log4j:10 - --> Opened the Home Page with URL: https://beymen.com
2023-09-28 22:34:53 INFO  Log4j:10 - --> Clicked on  ------ düzenlecek
2023-09-28 22:34:53 INFO  Log4j:10 - --> Clicked on the Accept Cookie Policy Button.
2023-09-28 22:34:53 INFO  Log4j:10 - --> Clicked on  ------ düzenlecek
2023-09-28 22:34:54 INFO  Log4j:10 - --> Clicked on  ------ düzenlecek
2023-09-28 22:34:54 INFO  Log4j:10 - --> Clicked on  ------ düzenlecek
2023-09-28 22:34:54 INFO  Log4j:10 - --> Clicked on  ------ düzenlecek
2023-09-28 22:34:54 INFO  Log4j:10 - --> Clicked on  ------ düzenlecek
2023-09-28 22:35:02 INFO  Log4j:10 - --> Clicked on the Accept Cookie Policy Button.
2023-09-28 22:35:10 INFO  Log4j:15 - Test completed.(Status: FAILED)
2023-09-28 22:42:22 INFO  Log4j:15 - Starting Test: 'Perform shopping actions on Beymen.com'
2023-09-28 22:42:26 INFO  Log4j:10 - --> Opened the Home Page with URL: https://beymen.com
2023-09-28 22:42:26 INFO  Log4j:10 - --> Clicked on  ------ düzenlecek
2023-09-28 22:42:26 INFO  Log4j:10 - --> Clicked on the Accept Cookie Policy Button.
2023-09-28 22:42:27 INFO  Log4j:10 - --> Clicked on  ------ düzenlecek
2023-09-28 22:42:27 INFO  Log4j:10 - --> Clicked on  ------ düzenlecek
2023-09-28 22:42:27 INFO  Log4j:10 - --> Clicked on  ------ düzenlecek
2023-09-28 22:42:27 INFO  Log4j:10 - --> Clicked on  ------ düzenlecek
2023-09-28 22:42:27 INFO  Log4j:10 - --> Clicked on  ------ düzenlecek
2023-09-28 22:42:32 INFO  Log4j:10 - --> Clicked on the Accept Cookie Policy Button.
2023-09-28 22:42:43 INFO  Log4j:15 - Test completed.(Status: FAILED)
2023-09-28 22:44:57 INFO  Log4j:15 - Starting Test: 'Perform shopping actions on Beymen.com'
2023-09-28 22:45:03 INFO  Log4j:10 - --> Opened the Home Page with URL: https://beymen.com
2023-09-28 22:45:03 INFO  Log4j:10 - --> Clicked on  ------ düzenlecek
2023-09-28 22:45:03 INFO  Log4j:10 - --> Clicked on the Accept Cookie Policy Button.
2023-09-28 22:45:03 INFO  Log4j:10 - --> Clicked on  ------ düzenlecek
2023-09-28 22:45:04 INFO  Log4j:10 - --> Clicked on  ------ düzenlecek
2023-09-28 22:45:04 INFO  Log4j:10 - --> Clicked on  ------ düzenlecek
2023-09-28 22:45:04 INFO  Log4j:10 - --> Clicked on  ------ düzenlecek
2023-09-28 22:45:04 INFO  Log4j:10 - --> Clicked on  ------ düzenlecek
2023-09-28 22:45:15 INFO  Log4j:10 - --> Clicked on the Accept Cookie Policy Button.
2023-09-28 22:45:25 INFO  Log4j:15 - Test completed.(Status: PASSED)
2023-09-28 22:54:13 INFO  Log4j:15 - Starting Test: 'Perform shopping actions on Beymen.com'
2023-09-28 22:54:18 INFO  Log4j:10 - --> Opened the Home Page with URL: https://beymen.com
2023-09-28 22:54:18 INFO  Log4j:10 - --> Clicked on  ------ düzenlecek
2023-09-28 22:54:18 INFO  Log4j:10 - --> Clicked on the Accept Cookie Policy Button.
2023-09-28 22:54:18 INFO  Log4j:10 - --> Clicked on  ------ düzenlecek
2023-09-28 22:54:19 INFO  Log4j:10 - --> Clicked on  ------ düzenlecek
2023-09-28 22:54:19 INFO  Log4j:10 - --> Clicked on  ------ düzenlecek
2023-09-28 22:54:19 INFO  Log4j:10 - --> Clicked on  ------ düzenlecek
2023-09-28 22:54:19 INFO  Log4j:10 - --> Clicked on  ------ düzenlecek
2023-09-28 22:54:41 INFO  Log4j:10 - --> Clicked on the Accept Cookie Policy Button.
2023-09-28 22:54:46 INFO  Log4j:15 - Test completed.(Status: FAILED)
2023-09-28 22:55:29 INFO  Log4j:15 - Starting Test: 'Perform shopping actions on Beymen.com'
2023-09-28 22:55:34 INFO  Log4j:10 - --> Opened the Home Page with URL: https://beymen.com
2023-09-28 22:55:34 INFO  Log4j:10 - --> Clicked on  ------ düzenlecek
2023-09-28 22:55:34 INFO  Log4j:10 - --> Clicked on the Accept Cookie Policy Button.
2023-09-28 22:55:34 INFO  Log4j:10 - --> Clicked on  ------ düzenlecek
2023-09-28 22:55:35 INFO  Log4j:10 - --> Clicked on  ------ düzenlecek
2023-09-28 22:55:35 INFO  Log4j:10 - --> Clicked on  ------ düzenlecek
2023-09-28 22:55:35 INFO  Log4j:10 - --> Clicked on  ------ düzenlecek
2023-09-28 22:55:35 INFO  Log4j:10 - --> Clicked on  ------ düzenlecek
2023-09-28 22:55:42 INFO  Log4j:10 - --> Clicked on the Accept Cookie Policy Button.
2023-09-28 22:55:48 INFO  Log4j:15 - Test completed.(Status: FAILED)
2023-09-28 22:56:11 INFO  Log4j:15 - Starting Test: 'Perform shopping actions on Beymen.com'
2023-09-28 22:56:16 INFO  Log4j:10 - --> Opened the Home Page with URL: https://beymen.com
2023-09-28 22:56:16 INFO  Log4j:10 - --> Clicked on  ------ düzenlecek
2023-09-28 22:56:16 INFO  Log4j:10 - --> Clicked on the Accept Cookie Policy Button.
2023-09-28 22:56:17 INFO  Log4j:10 - --> Clicked on  ------ düzenlecek
2023-09-28 22:56:17 INFO  Log4j:10 - --> Clicked on  ------ düzenlecek
2023-09-28 22:56:17 INFO  Log4j:10 - --> Clicked on  ------ düzenlecek
2023-09-28 22:56:17 INFO  Log4j:10 - --> Clicked on  ------ düzenlecek
2023-09-28 22:56:17 INFO  Log4j:10 - --> Clicked on  ------ düzenlecek
2023-09-28 22:56:22 INFO  Log4j:10 - --> Clicked on the Accept Cookie Policy Button.
2023-09-28 22:56:40 INFO  Log4j:15 - Test completed.(Status: FAILED)
2023-09-28 22:58:34 INFO  Log4j:15 - Starting Test: 'Perform shopping actions on Beymen.com'
2023-09-28 22:58:37 INFO  Log4j:10 - --> Opened the Home Page with URL: https://beymen.com
2023-09-28 22:58:37 INFO  Log4j:10 - --> Clicked on  ------ düzenlecek
2023-09-28 22:58:38 INFO  Log4j:10 - --> Clicked on the Accept Cookie Policy Button.
2023-09-28 22:58:38 INFO  Log4j:10 - --> Clicked on  ------ düzenlecek
2023-09-28 22:58:38 INFO  Log4j:10 - --> Clicked on  ------ düzenlecek
2023-09-28 22:58:38 INFO  Log4j:10 - --> Clicked on  ------ düzenlecek
2023-09-28 22:58:39 INFO  Log4j:10 - --> Clicked on  ------ düzenlecek
2023-09-28 22:58:39 INFO  Log4j:10 - --> Clicked on  ------ düzenlecek
2023-09-28 22:58:48 INFO  Log4j:10 - --> Clicked on the Accept Cookie Policy Button.
2023-09-28 22:58:59 INFO  Log4j:15 - Test completed.(Status: FAILED)
2023-09-28 23:00:31 INFO  Log4j:15 - Starting Test: 'Perform shopping actions on Beymen.com'
2023-09-28 23:00:35 INFO  Log4j:10 - --> Opened the Home Page with URL: https://beymen.com
2023-09-28 23:00:35 INFO  Log4j:10 - --> Clicked on  ------ düzenlecek
2023-09-28 23:00:36 INFO  Log4j:10 - --> Clicked on the Accept Cookie Policy Button.
2023-09-28 23:00:36 INFO  Log4j:10 - --> Clicked on  ------ düzenlecek
2023-09-28 23:00:36 INFO  Log4j:10 - --> Clicked on  ------ düzenlecek
2023-09-28 23:00:36 INFO  Log4j:10 - --> Clicked on  ------ düzenlecek
2023-09-28 23:00:36 INFO  Log4j:10 - --> Clicked on  ------ düzenlecek
2023-09-28 23:00:37 INFO  Log4j:10 - --> Clicked on  ------ düzenlecek
2023-09-28 23:00:42 INFO  Log4j:10 - --> Clicked on the Accept Cookie Policy Button.
2023-09-28 23:00:55 INFO  Log4j:15 - Test completed.(Status: FAILED)
2023-09-28 23:01:05 INFO  Log4j:15 - Starting Test: 'Perform shopping actions on Beymen.com'
2023-09-28 23:01:09 INFO  Log4j:10 - --> Opened the Home Page with URL: https://beymen.com
2023-09-28 23:01:09 INFO  Log4j:10 - --> Clicked on  ------ düzenlecek
2023-09-28 23:01:09 INFO  Log4j:10 - --> Clicked on the Accept Cookie Policy Button.
2023-09-28 23:01:10 INFO  Log4j:10 - --> Clicked on  ------ düzenlecek
2023-09-28 23:01:10 INFO  Log4j:10 - --> Clicked on  ------ düzenlecek
2023-09-28 23:01:10 INFO  Log4j:10 - --> Clicked on  ------ düzenlecek
2023-09-28 23:01:10 INFO  Log4j:10 - --> Clicked on  ------ düzenlecek
2023-09-28 23:01:10 INFO  Log4j:10 - --> Clicked on  ------ düzenlecek
2023-09-28 23:01:17 INFO  Log4j:10 - --> Clicked on the Accept Cookie Policy Button.
2023-09-28 23:01:26 INFO  Log4j:15 - Test completed.(Status: FAILED)
2023-09-28 23:04:14 INFO  Log4j:15 - Starting Test: 'Perform shopping actions on Beymen.com'
2023-09-28 23:04:19 INFO  Log4j:10 - --> Opened the Home Page with URL: https://beymen.com
2023-09-28 23:04:19 INFO  Log4j:10 - --> Clicked on  ------ düzenlecek
2023-09-28 23:04:19 INFO  Log4j:10 - --> Clicked on the Accept Cookie Policy Button.
2023-09-28 23:04:20 INFO  Log4j:10 - --> Clicked on  ------ düzenlecek
2023-09-28 23:04:20 INFO  Log4j:10 - --> Clicked on  ------ düzenlecek
2023-09-28 23:04:20 INFO  Log4j:10 - --> Clicked on  ------ düzenlecek
2023-09-28 23:04:20 INFO  Log4j:10 - --> Clicked on  ------ düzenlecek
2023-09-28 23:04:20 INFO  Log4j:10 - --> Clicked on  ------ düzenlecek
2023-09-28 23:04:30 INFO  Log4j:10 - --> Clicked on the Accept Cookie Policy Button.
2023-09-28 23:04:35 INFO  Log4j:15 - Test completed.(Status: FAILED)
2023-09-28 23:04:45 INFO  Log4j:15 - Starting Test: 'Perform shopping actions on Beymen.com'
2023-09-28 23:04:49 INFO  Log4j:10 - --> Opened the Home Page with URL: https://beymen.com
2023-09-28 23:04:50 INFO  Log4j:10 - --> Clicked on  ------ düzenlecek
2023-09-28 23:04:50 INFO  Log4j:10 - --> Clicked on the Accept Cookie Policy Button.
2023-09-28 23:04:50 INFO  Log4j:10 - --> Clicked on  ------ düzenlecek
2023-09-28 23:04:51 INFO  Log4j:10 - --> Clicked on  ------ düzenlecek
2023-09-28 23:04:51 INFO  Log4j:10 - --> Clicked on  ------ düzenlecek
2023-09-28 23:04:51 INFO  Log4j:10 - --> Clicked on  ------ düzenlecek
2023-09-28 23:04:51 INFO  Log4j:10 - --> Clicked on  ------ düzenlecek
2023-09-28 23:04:58 INFO  Log4j:10 - --> Clicked on the Accept Cookie Policy Button.
2023-09-28 23:05:07 INFO  Log4j:15 - Adet sayısı arttırılamıyor
2023-09-28 23:05:07 INFO  Log4j:15 - Test completed.(Status: PASSED)
2023-09-28 23:07:48 INFO  Log4j:15 - Starting Test: 'Perform shopping actions on Beymen.com'
2023-09-28 23:07:53 INFO  Log4j:10 - --> Opened the Home Page with URL: https://beymen.com
2023-09-28 23:07:53 INFO  Log4j:10 - --> Clicked on  ------ düzenlecek
2023-09-28 23:07:53 INFO  Log4j:10 - --> Clicked on the Accept Cookie Policy Button.
2023-09-28 23:07:54 INFO  Log4j:10 - --> Clicked on  ------ düzenlecek
2023-09-28 23:07:54 INFO  Log4j:10 - --> Clicked on  ------ düzenlecek
2023-09-28 23:07:54 INFO  Log4j:10 - --> Clicked on  ------ düzenlecek
2023-09-28 23:07:54 INFO  Log4j:10 - --> Clicked on  ------ düzenlecek
2023-09-28 23:07:54 INFO  Log4j:10 - --> Clicked on  ------ düzenlecek
2023-09-28 23:08:01 INFO  Log4j:10 - --> Clicked on the Accept Cookie Policy Button.
2023-09-28 23:08:06 INFO  Log4j:15 - Test completed.(Status: FAILED)
2023-09-28 23:08:14 INFO  Log4j:15 - Starting Test: 'Perform shopping actions on Beymen.com'
2023-09-28 23:08:18 INFO  Log4j:10 - --> Opened the Home Page with URL: https://beymen.com
2023-09-28 23:08:18 INFO  Log4j:10 - --> Clicked on  ------ düzenlecek
2023-09-28 23:08:19 INFO  Log4j:10 - --> Clicked on the Accept Cookie Policy Button.
2023-09-28 23:08:19 INFO  Log4j:10 - --> Clicked on  ------ düzenlecek
2023-09-28 23:08:19 INFO  Log4j:10 - --> Clicked on  ------ düzenlecek
2023-09-28 23:08:19 INFO  Log4j:10 - --> Clicked on  ------ düzenlecek
2023-09-28 23:08:20 INFO  Log4j:10 - --> Clicked on  ------ düzenlecek
2023-09-28 23:08:20 INFO  Log4j:10 - --> Clicked on  ------ düzenlecek
2023-09-28 23:08:26 INFO  Log4j:10 - --> Clicked on the Accept Cookie Policy Button.
2023-09-28 23:08:35 INFO  Log4j:15 - Test completed.(Status: PASSED)
2023-09-28 23:10:30 INFO  Log4j:15 - Starting Test: 'Perform shopping actions on Beymen.com'
2023-09-28 23:10:34 INFO  Log4j:10 - --> Opened the Home Page with URL: https://beymen.com
2023-09-28 23:10:34 INFO  Log4j:10 - --> Clicked on  ------ düzenlecek
2023-09-28 23:10:35 INFO  Log4j:10 - --> Clicked on the Accept Cookie Policy Button.
2023-09-28 23:10:35 INFO  Log4j:10 - --> Clicked on  ------ düzenlecek
2023-09-28 23:10:35 INFO  Log4j:10 - --> Clicked on  ------ düzenlecek
2023-09-28 23:10:35 INFO  Log4j:10 - --> Clicked on  ------ düzenlecek
2023-09-28 23:10:35 INFO  Log4j:10 - --> Clicked on  ------ düzenlecek
2023-09-28 23:10:36 INFO  Log4j:10 - --> Clicked on  ------ düzenlecek
2023-09-28 23:12:40 INFO  Log4j:15 - Starting Test: 'Perform shopping actions on Beymen.com'
2023-09-28 23:12:44 INFO  Log4j:10 - --> Opened the Home Page with URL: https://beymen.com
2023-09-28 23:12:44 INFO  Log4j:10 - --> Clicked on  ------ düzenlecek
2023-09-28 23:12:44 INFO  Log4j:10 - --> Clicked on the Accept Cookie Policy Button.
2023-09-28 23:12:45 INFO  Log4j:10 - --> Clicked on  ------ düzenlecek
2023-09-28 23:12:45 INFO  Log4j:10 - --> Clicked on  ------ düzenlecek
2023-09-28 23:12:45 INFO  Log4j:10 - --> Clicked on  ------ düzenlecek
2023-09-28 23:12:45 INFO  Log4j:10 - --> Clicked on  ------ düzenlecek
2023-09-28 23:12:45 INFO  Log4j:10 - --> Clicked on  ------ düzenlecek
2023-09-28 23:12:53 INFO  Log4j:10 - --> Clicked on the Accept Cookie Policy Button.
2023-09-28 23:12:59 INFO  Log4j:15 - Test completed.(Status: FAILED)
2023-09-28 23:13:03 INFO  Log4j:15 - Starting Test: 'Perform shopping actions on Beymen.com'
2023-09-28 23:13:07 INFO  Log4j:10 - --> Opened the Home Page with URL: https://beymen.com
2023-09-28 23:13:07 INFO  Log4j:10 - --> Clicked on  ------ düzenlecek
2023-09-28 23:13:07 INFO  Log4j:10 - --> Clicked on the Accept Cookie Policy Button.
2023-09-28 23:13:08 INFO  Log4j:10 - --> Clicked on  ------ düzenlecek
2023-09-28 23:13:08 INFO  Log4j:10 - --> Clicked on  ------ düzenlecek
2023-09-28 23:13:08 INFO  Log4j:10 - --> Clicked on  ------ düzenlecek
2023-09-28 23:13:08 INFO  Log4j:10 - --> Clicked on  ------ düzenlecek
2023-09-28 23:13:08 INFO  Log4j:10 - --> Clicked on  ------ düzenlecek
2023-09-28 23:13:23 INFO  Log4j:10 - --> Clicked on the Accept Cookie Policy Button.
2023-09-28 23:13:32 INFO  Log4j:15 - Adet sayısı arttırılamıyor
2023-09-28 23:13:32 INFO  Log4j:15 - Test completed.(Status: PASSED)
2023-09-28 23:14:29 INFO  Log4j:15 - Starting Test: 'Perform shopping actions on Beymen.com'
2023-09-28 23:14:34 INFO  Log4j:10 - --> Opened the Home Page with URL: https://beymen.com
2023-09-28 23:14:34 INFO  Log4j:10 - --> Clicked on  ------ düzenlecek
2023-09-28 23:14:34 INFO  Log4j:10 - --> Clicked on the Accept Cookie Policy Button.
2023-09-28 23:14:35 INFO  Log4j:10 - --> Clicked on  ------ düzenlecek
2023-09-28 23:14:35 INFO  Log4j:10 - --> Clicked on  ------ düzenlecek
2023-09-28 23:14:35 INFO  Log4j:10 - --> Clicked on  ------ düzenlecek
2023-09-28 23:14:35 INFO  Log4j:10 - --> Clicked on  ------ düzenlecek
2023-09-28 23:14:35 INFO  Log4j:10 - --> Clicked on  ------ düzenlecek
2023-09-28 23:14:39 INFO  Log4j:15 - Test completed.(Status: FAILED)
2023-09-28 23:16:08 INFO  Log4j:15 - Starting Test: 'Perform shopping actions on Beymen.com'
2023-09-28 23:16:13 INFO  Log4j:10 - --> Opened the Home Page with URL: https://beymen.com
2023-09-28 23:16:14 INFO  Log4j:10 - --> Clicked on  ------ düzenlecek
2023-09-28 23:16:14 INFO  Log4j:10 - --> Clicked on the Accept Cookie Policy Button.
2023-09-28 23:16:14 INFO  Log4j:10 - --> Clicked on  ------ düzenlecek
2023-09-28 23:16:15 INFO  Log4j:10 - --> Clicked on  ------ düzenlecek
2023-09-28 23:16:15 INFO  Log4j:10 - --> Clicked on  ------ düzenlecek
2023-09-28 23:16:15 INFO  Log4j:10 - --> Clicked on  ------ düzenlecek
2023-09-28 23:16:15 INFO  Log4j:10 - --> Clicked on  ------ düzenlecek
2023-09-28 23:16:21 INFO  Log4j:10 - --> Clicked on the Accept Cookie Policy Button.
2023-09-28 23:16:22 INFO  Log4j:15 - Test completed.(Status: FAILED)
2023-09-28 23:16:34 INFO  Log4j:15 - Starting Test: 'Perform shopping actions on Beymen.com'
2023-09-28 23:16:39 INFO  Log4j:10 - --> Opened the Home Page with URL: https://beymen.com
2023-09-28 23:16:39 INFO  Log4j:10 - --> Clicked on  ------ düzenlecek
2023-09-28 23:16:39 INFO  Log4j:10 - --> Clicked on the Accept Cookie Policy Button.
2023-09-28 23:16:39 INFO  Log4j:10 - --> Clicked on  ------ düzenlecek
2023-09-28 23:16:40 INFO  Log4j:10 - --> Clicked on  ------ düzenlecek
2023-09-28 23:16:40 INFO  Log4j:10 - --> Clicked on  ------ düzenlecek
2023-09-28 23:16:40 INFO  Log4j:10 - --> Clicked on  ------ düzenlecek
2023-09-28 23:16:40 INFO  Log4j:10 - --> Clicked on  ------ düzenlecek
2023-09-28 23:16:44 INFO  Log4j:10 - --> Clicked on the Accept Cookie Policy Button.
2023-09-28 23:16:49 INFO  Log4j:15 - Adet sayısı arttırılamıyor
2023-09-28 23:16:50 INFO  Log4j:15 - Test completed.(Status: PASSED)
2023-09-28 23:16:56 INFO  Log4j:15 - Starting Test: 'Perform shopping actions on Beymen.com'
2023-09-28 23:17:01 INFO  Log4j:10 - --> Opened the Home Page with URL: https://beymen.com
2023-09-28 23:17:21 INFO  Log4j:15 - Test completed.(Status: FAILED)
2023-09-29 23:50:49 INFO  Log4j:15 - Starting Test: 'Perform shopping actions on Beymen.com'
2023-09-29 23:50:55 INFO  Log4j:10 - --> Opened the Home Page with URL: https://beymen.com
2023-09-29 23:50:55 INFO  Log4j:10 - --> Login to the home page is verifie
2023-09-29 23:50:55 INFO  Log4j:10 - --> Clicked on the Accept Cookie Policy Button.
2023-09-29 23:50:56 INFO  Log4j:10 - --> Clicked the close button on the gender selection screen
2023-09-29 23:50:56 INFO  Log4j:10 - --> Data is typed into the search button
2023-09-29 23:50:56 INFO  Log4j:10 - --> Search input is cleared
2023-09-29 23:50:56 INFO  Log4j:10 - --> Data is typed into the search button
2023-09-29 23:50:56 INFO  Log4j:10 - --> Click the enter button on the keyboard.
2023-09-29 23:50:59 INFO  Log4j:10 - --> Clicked on the Accept Cookie Policy Button.
2023-09-29 23:51:16 INFO  Log4j:15 - Product name and product price are written to text file
2023-09-29 23:51:20 INFO  Log4j:15 - Randomly select the product, add the product to the basket and go to the basket
2023-09-29 23:51:22 INFO  Log4j:15 - The product in the basket and the product in the text file were compared
2023-09-29 23:51:22 INFO  Log4j:15 - Number of units cannot be increased
2023-09-29 23:51:22 INFO  Log4j:15 - Test completed.(Status: PASSED)
2023-09-29 23:51:29 INFO  Log4j:15 - Starting Test: 'Perform shopping actions on Beymen.com'
2023-09-29 23:51:36 INFO  Log4j:10 - --> Opened the Home Page with URL: https://beymen.com
2023-09-29 23:51:36 INFO  Log4j:10 - --> Login to the home page is verifie
2023-09-29 23:51:36 INFO  Log4j:10 - --> Clicked on the Accept Cookie Policy Button.
2023-09-29 23:51:37 INFO  Log4j:10 - --> Clicked the close button on the gender selection screen
2023-09-29 23:51:37 INFO  Log4j:10 - --> Data is typed into the search button
2023-09-29 23:51:37 INFO  Log4j:10 - --> Search input is cleared
2023-09-29 23:51:37 INFO  Log4j:10 - --> Data is typed into the search button
2023-09-29 23:51:37 INFO  Log4j:10 - --> Click the enter button on the keyboard.
2023-09-29 23:51:44 INFO  Log4j:10 - --> Clicked on the Accept Cookie Policy Button.
2023-09-29 23:51:45 INFO  Log4j:15 - Test completed.(Status: FAILED)
2023-09-29 23:52:11 INFO  Log4j:15 - Starting Test: 'Perform shopping actions on Beymen.com'
2023-09-29 23:52:16 INFO  Log4j:10 - --> Opened the Home Page with URL: https://beymen.com
2023-09-29 23:52:16 INFO  Log4j:10 - --> Login to the home page is verifie
2023-09-29 23:52:16 INFO  Log4j:10 - --> Clicked on the Accept Cookie Policy Button.
2023-09-29 23:52:17 INFO  Log4j:10 - --> Clicked the close button on the gender selection screen
2023-09-29 23:52:17 INFO  Log4j:10 - --> Data is typed into the search button
2023-09-29 23:52:17 INFO  Log4j:10 - --> Search input is cleared
2023-09-29 23:52:17 INFO  Log4j:10 - --> Data is typed into the search button
2023-09-29 23:52:17 INFO  Log4j:10 - --> Click the enter button on the keyboard.
2023-09-29 23:52:24 INFO  Log4j:10 - --> Clicked on the Accept Cookie Policy Button.
2023-09-29 23:52:24 INFO  Log4j:15 - Product name and product price are written to text file
2023-09-29 23:52:26 INFO  Log4j:15 - Randomly select the product, add the product to the basket and go to the basket
2023-09-29 23:52:27 INFO  Log4j:15 - Test completed.(Status: FAILED)
2023-09-29 23:53:27 INFO  Log4j:15 - Starting Test: 'Perform shopping actions on Beymen.com'
2023-09-29 23:53:32 INFO  Log4j:10 - --> Opened the Home Page with URL: https://beymen.com
2023-09-29 23:53:32 INFO  Log4j:10 - --> Login to the home page is verifie
2023-09-29 23:53:32 INFO  Log4j:10 - --> Clicked on the Accept Cookie Policy Button.
2023-09-29 23:53:33 INFO  Log4j:10 - --> Clicked the close button on the gender selection screen
2023-09-29 23:53:33 INFO  Log4j:10 - --> Data is typed into the search button
2023-09-29 23:53:33 INFO  Log4j:10 - --> Search input is cleared
2023-09-29 23:53:33 INFO  Log4j:10 - --> Data is typed into the search button
2023-09-29 23:53:33 INFO  Log4j:10 - --> Click the enter button on the keyboard.
2023-09-29 23:53:38 INFO  Log4j:10 - --> Clicked on the Accept Cookie Policy Button.
2023-09-29 23:53:38 INFO  Log4j:15 - Product name and product price are written to text file
2023-09-29 23:53:40 INFO  Log4j:15 - Randomly select the product, add the product to the basket and go to the basket
2023-09-29 23:53:41 INFO  Log4j:15 - The product in the basket and the product in the text file were compared
2023-09-29 23:53:41 INFO  Log4j:15 - Number of units cannot be increased
2023-09-29 23:53:41 INFO  Log4j:15 - Test completed.(Status: PASSED)
